adding 1 + 2
Sum = 3
ackknowledgement(ACK):['Certificate', 'ServerKeyExchange', 'CertificateRequest', 'ServerHelloDone']
0
4
trial_list = [1, 2, 3, 0]
trial_list = [0, 0, 0, 0]
banana:1.0
apple:1.53
kiwi:2.0
avocado:3.23
mango:2.33
pineapple:1.44
strawberries:1.95
melon:2.34
grapes:0.98
['banana', 'apple', 'kiwi', 'avocado', 'mango', 'pineapple', 'strawberries', 'melon', 'grapes']
Name of Human1 is Ali Hadar and height:181 and weight82
Ali Hadar
10
10
[0, 0, 'nTx']
[[0], [0, 0], 'nRx']
[[[]], [[], []], 'tRx']
[False]
1
adding 1 + 2
Sum = 3
ackknowledgement(ACK):['Certificate', 'ServerKeyExchange', 'CertificateRequest', 'ServerHelloDone']
0
4
trial_list = [1, 2, 3, 0]
trial_list = [0, 0, 0, 0]
banana:1.0
apple:1.53
kiwi:2.0
avocado:3.23
mango:2.33
pineapple:1.44
strawberries:1.95
melon:2.34
grapes:0.98
['banana', 'apple', 'kiwi', 'avocado', 'mango', 'pineapple', 'strawberries', 'melon', 'grapes']
Name of Human1 is Ali Hadar and height:181 and weight82
Ali Hadar
10
10
[0, 0, 'nTx']
[[0], [0, 0], 'nRx']
[[[]], [[], []], 'tRx']
[False]
1
adding 1 + 2
Sum = 3
ackknowledgement(ACK):['Certificate', 'ServerKeyExchange', 'CertificateRequest', 'ServerHelloDone']
0
a = range(0, 10)
4
trial_list = [1, 2, 3, 0]
trial_list = [0, 0, 0, 0]
banana:1.0
apple:1.53
kiwi:2.0
avocado:3.23
mango:2.33
pineapple:1.44
strawberries:1.95
melon:2.34
grapes:0.98
['banana', 'apple', 'kiwi', 'avocado', 'mango', 'pineapple', 'strawberries', 'melon', 'grapes']
Name of Human1 is Ali Hadar and height:181 and weight82
Ali Hadar
10
10
[0, 0, 'nTx']
[[0], [0, 0], 'nRx']
[[[]], [[], []], 'tRx']
[False]
1
adding 1 + 2
Sum = 3
ackknowledgement(ACK):['Certificate', 'ServerKeyExchange', 'CertificateRequest', 'ServerHelloDone']
0
a = range(0, 10)
b is [0, 1, 2, 3, 4, 5, 6, 7, 8, 9]
4
trial_list = [1, 2, 3, 0]
trial_list = [0, 0, 0, 0]
banana:1.0
apple:1.53
kiwi:2.0
avocado:3.23
mango:2.33
pineapple:1.44
strawberries:1.95
melon:2.34
grapes:0.98
['banana', 'apple', 'kiwi', 'avocado', 'mango', 'pineapple', 'strawberries', 'melon', 'grapes']
Name of Human1 is Ali Hadar and height:181 and weight82
Ali Hadar
10
10
[0, 0, 'nTx']
[[0], [0, 0], 'nRx']
[[[]], [[], []], 'tRx']
[False]
1
adding 1 + 2
Sum = 3
ackknowledgement(ACK):['Certificate', 'ServerKeyExchange', 'CertificateRequest', 'ServerHelloDone']
0
a = range(0, 10)
b is [0, 1, 2, 3, 4, 5, 6, 7, 8, 9]
4
trial_list = [1, 2, 3, 0]
trial_list = [0, 0, 0, 0]
banana:1.0
apple:1.53
kiwi:2.0
avocado:3.23
mango:2.33
pineapple:1.44
strawberries:1.95
melon:2.34
grapes:0.98
['banana', 'apple', 'kiwi', 'avocado', 'mango', 'pineapple', 'strawberries', 'melon', 'grapes']
Name of Human1 is Ali Hadar and height:181 and weight82
Ali Hadar
10
10
[0, 0, 'nTx']
[[0], [0, 0], 'nRx']
[[[]], [[], []], 'tRx']
[False]
1
adding 1 + 2
Sum = 3
ackknowledgement(ACK):['Certificate', 'ServerKeyExchange', 'CertificateRequest', 'ServerHelloDone']
0
a = range(10, 0)
b is []
4
trial_list = [1, 2, 3, 0]
trial_list = [0, 0, 0, 0]
banana:1.0
apple:1.53
kiwi:2.0
avocado:3.23
mango:2.33
pineapple:1.44
strawberries:1.95
melon:2.34
grapes:0.98
['banana', 'apple', 'kiwi', 'avocado', 'mango', 'pineapple', 'strawberries', 'melon', 'grapes']
Name of Human1 is Ali Hadar and height:181 and weight82
Ali Hadar
10
10
[0, 0, 'nTx']
[[0], [0, 0], 'nRx']
[[[]], [[], []], 'tRx']
[False]
1
adding 1 + 2
Sum = 3
ackknowledgement(ACK):['Certificate', 'ServerKeyExchange', 'CertificateRequest', 'ServerHelloDone']
0
a = range(10, 0)
b is []
4
trial_list = [1, 2, 3, 0]
trial_list = [0, 0, 0, 0]
banana:1.0
apple:1.53
kiwi:2.0
avocado:3.23
mango:2.33
pineapple:1.44
strawberries:1.95
melon:2.34
grapes:0.98
['banana', 'apple', 'kiwi', 'avocado', 'mango', 'pineapple', 'strawberries', 'melon', 'grapes']
Name of Human1 is Ali Hadar and height:181 and weight82
Ali Hadar
10
10
[0, 0, 'nTx']
[[0], [0, 0], 'nRx']
[[[]], [[], []], 'tRx']
[False]
1
adding 1 + 2
Sum = 3
ackknowledgement(ACK):['Certificate', 'ServerKeyExchange', 'CertificateRequest', 'ServerHelloDone']
0
a = range(10, 0, -1)
b is [10, 9, 8, 7, 6, 5, 4, 3, 2, 1]
4
trial_list = [1, 2, 3, 0]
trial_list = [0, 0, 0, 0]
banana:1.0
apple:1.53
kiwi:2.0
avocado:3.23
mango:2.33
pineapple:1.44
strawberries:1.95
melon:2.34
grapes:0.98
['banana', 'apple', 'kiwi', 'avocado', 'mango', 'pineapple', 'strawberries', 'melon', 'grapes']
Name of Human1 is Ali Hadar and height:181 and weight82
Ali Hadar
10
10
[0, 0, 'nTx']
[[0], [0, 0], 'nRx']
[[[]], [[], []], 'tRx']
[False]
1
adding 1 + 2
Sum = 3
ackknowledgement(ACK):['Certificate', 'ServerKeyExchange', 'CertificateRequest', 'ServerHelloDone']
0
a = range(10, 0, -1)
b is [10, 9, 8, 7, 6, 5, 4, 3, 2, 1]
4
trial_list = [1, 2, 3, 0]
trial_list = [0, 0, 0, 0]
banana:1.0
apple:1.53
kiwi:2.0
avocado:3.23
mango:2.33
pineapple:1.44
strawberries:1.95
melon:2.34
grapes:0.98
['banana', 'apple', 'kiwi', 'avocado', 'mango', 'pineapple', 'strawberries', 'melon', 'grapes']
Name of Human1 is Ali Hadar and height:181 and weight82
Ali Hadar
10
10
[0, 0, 'nTx']
[[0], [0, 0], 'nRx']
[[[]], [[], []], 'tRx']
[False]
1
adding 1 + 2
Sum = 3
ackknowledgement(ACK):['Certificate', 'ServerKeyExchange', 'CertificateRequest', 'ServerHelloDone']
0
a = range(4, 0, -1)
b is [4, 3, 2, 1]
4
trial_list = [1, 2, 3, 0]
trial_list = [0, 0, 0, 0]
banana:1.0
apple:1.53
kiwi:2.0
avocado:3.23
mango:2.33
pineapple:1.44
strawberries:1.95
melon:2.34
grapes:0.98
['banana', 'apple', 'kiwi', 'avocado', 'mango', 'pineapple', 'strawberries', 'melon', 'grapes']
Name of Human1 is Ali Hadar and height:181 and weight82
Ali Hadar
10
10
[0, 0, 'nTx']
[[0], [0, 0], 'nRx']
[[[]], [[], []], 'tRx']
[False]
1
adding 1 + 2
Sum = 3
ackknowledgement(ACK):['Certificate', 'ServerKeyExchange', 'CertificateRequest', 'ServerHelloDone']
0
a = range(3, 0, -1)
b is [3, 2, 1]
4
trial_list = [1, 2, 3, 0]
trial_list = [0, 0, 0, 0]
banana:1.0
apple:1.53
kiwi:2.0
avocado:3.23
mango:2.33
pineapple:1.44
strawberries:1.95
melon:2.34
grapes:0.98
['banana', 'apple', 'kiwi', 'avocado', 'mango', 'pineapple', 'strawberries', 'melon', 'grapes']
Name of Human1 is Ali Hadar and height:181 and weight82
Ali Hadar
10
10
[0, 0, 'nTx']
[[0], [0, 0], 'nRx']
[[[]], [[], []], 'tRx']
[False]
1
adding 1 + 2
Sum = 3
ackknowledgement(ACK):['Certificate', 'ServerKeyExchange', 'CertificateRequest', 'ServerHelloDone']
0
a = range(3, -1, -1)
b is [3, 2, 1, 0]
4
trial_list = [1, 2, 3, 0]
trial_list = [0, 0, 0, 0]
banana:1.0
apple:1.53
kiwi:2.0
avocado:3.23
mango:2.33
pineapple:1.44
strawberries:1.95
melon:2.34
grapes:0.98
['banana', 'apple', 'kiwi', 'avocado', 'mango', 'pineapple', 'strawberries', 'melon', 'grapes']
Name of Human1 is Ali Hadar and height:181 and weight82
Ali Hadar
10
10
[0, 0, 'nTx']
[[0], [0, 0], 'nRx']
[[[]], [[], []], 'tRx']
[False]
1
